<!DOCTYPE html>
<html>
<head>
    <title>Unittest Results</title>
    <meta charset="utf-8">
    <meta name="viewport" content="width=device-width, initial-scale=1.0">
    <link rel="stylesheet" href="https://maxcdn.bootstrapcdn.com/bootstrap/3.3.6/css/bootstrap.min.css" integrity="sha384-1q8mTJOASx8j1Au+a5WDVnPi2lkFfwwEAa8hDDdjZlpLegxhjVME1fgjWPGmkzs7" crossorigin="anonymous">
</head>
<body>
    <div class="container">
        <div class="row">
            <div class="col-xs-12">
                <h2 class="text-capitalize">Unittest Results</h2>
                <p class='attribute'><strong>Start Time: </strong>2024-06-24 22:55:47</p>
                <p class='attribute'><strong>Duration: </strong>7.95 s</p>
                <p class='attribute'><strong>Summary: </strong>Total: 2, Pass: 1, Error: 1</p>
            </div>
        </div>
        <div class="row">
            <div class="col-xs-12 col-sm-10 col-md-10">
                <table class='table table-hover table-responsive'>
                    <thead>
                        <tr>
                            <th>__main__.LoginTest</th>
                            <th>Status</th>
                            <th></th>
                        </tr>
                    </thead>
                    <tbody>
                        <tr class='warning'>
                            <td class="col-xs-10">test_login_invalid_username</td>
                            <td class="col-xs-1">
                                <span class="label label-warning" style="display:block;width:40px;">Error</span>
                            </td>
                            <td class="col-xs-1">
                                <button class="btn btn-default btn-xs">View</button>
                            </td>
                        </tr>
                        <tr style="display:none;">
                            <td class="col-xs-9" colspan="3"><p style="color:maroon;">InvalidSelectorException: Message: invalid selector
from javascript error: {"status":32,"value":"Unable to locate an element with the xpath expression  because of the following error:\nSyntaxError: Failed to execute 'evaluate' on 'Document': The string '' is not a valid XPath expression."}
  (Session info: chrome=126.0.6478.115); For documentation on this error, please visit: https://www.selenium.dev/documentation/webdriver/troubleshooting/errors#invalid-selector-exception
Stacktrace:
	GetHandleVerifier [0x00007FF78F7F3E32+31618]
	(No symbol) [0x00007FF78F76B099]
	(No symbol) [0x00007FF78F62888A]
	(No symbol) [0x00007FF78F62E6BE]
	(No symbol) [0x00007FF78F631011]
	(No symbol) [0x00007FF78F6310B0]
	(No symbol) [0x00007FF78F67805C]
	(No symbol) [0x00007FF78F67862C]
	(No symbol) [0x00007FF78F6BF787]
	(No symbol) [0x00007FF78F69D14F]
	(No symbol) [0x00007FF78F6BCA80]
	(No symbol) [0x00007FF78F69CEB3]
	(No symbol) [0x00007FF78F66A46B]
	(No symbol) [0x00007FF78F66B001]
	GetHandleVerifier [0x00007FF78FAF9FFD+3202381]
	GetHandleVerifier [0x00007FF78FB46A1D+3516269]
	GetHandleVerifier [0x00007FF78FB3C490+3473888]
	GetHandleVerifier [0x00007FF78F8A5D36+760454]
	(No symbol) [0x00007FF78F776B3F]
	(No symbol) [0x00007FF78F771CD4]
	(No symbol) [0x00007FF78F771E62]
	(No symbol) [0x00007FF78F76120F]
	BaseThreadInitThunk [0x00007FFE94F3257D+29]
	RtlUserThreadStart [0x00007FFE9592AF28+40]
</p><p style="color:maroon;">Traceback (most recent call last):
  File "C:\Users\Bhagyashree\workspace_python\ProjectObjectModelProject\Tests\login_test.py", line 51, in test_login_invalid_username
    message = driver.find_element(By.XPATH, "").text
              ^^^^^^^^^^^^^^^^^^^^^^^^^^^^^^^^^
  File "C:\python312\Lib\site-packages\selenium\webdriver\remote\webdriver.py", line 748, in find_element
    return self.execute(Command.FIND_ELEMENT, {"using": by, "value": value})["value"]
           ^^^^^^^^^^^^^^^^^^^^^^^^^^^^^^^^^^^^^^^^^^^^^^^^^^^^^^^^^^^^^^^^^
  File "C:\python312\Lib\site-packages\selenium\webdriver\remote\webdriver.py", line 354, in execute
    self.error_handler.check_response(response)
  File "C:\python312\Lib\site-packages\selenium\webdriver\remote\errorhandler.py", line 229, in check_response
    raise exception_class(message, screen, stacktrace)
selenium.common.exceptions.InvalidSelectorException: Message: invalid selector
from javascript error: {"status":32,"value":"Unable to locate an element with the xpath expression  because of the following error:\nSyntaxError: Failed to execute 'evaluate' on 'Document': The string '' is not a valid XPath expression."}
  (Session info: chrome=126.0.6478.115); For documentation on this error, please visit: https://www.selenium.dev/documentation/webdriver/troubleshooting/errors#invalid-selector-exception
Stacktrace:
	GetHandleVerifier [0x00007FF78F7F3E32+31618]
	(No symbol) [0x00007FF78F76B099]
	(No symbol) [0x00007FF78F62888A]
	(No symbol) [0x00007FF78F62E6BE]
	(No symbol) [0x00007FF78F631011]
	(No symbol) [0x00007FF78F6310B0]
	(No symbol) [0x00007FF78F67805C]
	(No symbol) [0x00007FF78F67862C]
	(No symbol) [0x00007FF78F6BF787]
	(No symbol) [0x00007FF78F69D14F]
	(No symbol) [0x00007FF78F6BCA80]
	(No symbol) [0x00007FF78F69CEB3]
	(No symbol) [0x00007FF78F66A46B]
	(No symbol) [0x00007FF78F66B001]
	GetHandleVerifier [0x00007FF78FAF9FFD+3202381]
	GetHandleVerifier [0x00007FF78FB46A1D+3516269]
	GetHandleVerifier [0x00007FF78FB3C490+3473888]
	GetHandleVerifier [0x00007FF78F8A5D36+760454]
	(No symbol) [0x00007FF78F776B3F]
	(No symbol) [0x00007FF78F771CD4]
	(No symbol) [0x00007FF78F771E62]
	(No symbol) [0x00007FF78F76120F]
	BaseThreadInitThunk [0x00007FFE94F3257D+29]
	RtlUserThreadStart [0x00007FFE9592AF28+40]

</p>
                            </td>
                        </tr>
                        <tr class='success'>
                            <td class="col-xs-10">test_login_valid</td>
                            <td class="col-xs-1">
                                <span class="label label-success" style="display:block;width:40px;">Pass</span>
                            </td>
                            <td class="col-xs-1">
                            </td>
                        </tr>
                        <tr>
                            <td colspan="3">
                                Total: 2, Pass: 1, Error: 1 -- Duration: 7.95 s
                            </td>
                        </tr>
                    </tbody>
                </table>
            </div>
        </div>
    </div>
    <script src="https://ajax.googleapis.com/ajax/libs/jquery/2.2.4/jquery.min.js"></script>
    <script type="text/javascript">
        $(document).ready(function(){
            $('td').on('click', '.btn', function(e){
                e.preventDefault();
                e.stopImmediatePropagation();
                var $this = $(this);
                var $nextRow = $this.closest('tr').next('tr');
                $nextRow.slideToggle("fast");
                $this.text(function(i, text){
                    if (text === 'View') {
                        return 'Hide';
                    } else {
                        return 'View';
                    };
                });
            });
        });
    </script>
</body>
</html